2024-08-23 15:42:53 INFO  TC003_LoginDDT:26 - TC003 started.....
2024-08-23 15:42:56 INFO  TC003_LoginDDT:63 - TC003 finished....
2024-08-23 15:42:56 INFO  TC003_LoginDDT:26 - TC003 started.....
2024-08-23 15:42:59 INFO  TC003_LoginDDT:26 - TC003 started.....
2024-08-23 15:43:02 INFO  TC003_LoginDDT:26 - TC003 started.....
2024-08-23 15:43:13 INFO  TC003_LoginDDT:63 - TC003 finished....
2024-08-23 15:43:13 INFO  TC003_LoginDDT:26 - TC003 started.....
2024-08-23 15:44:49 INFO  TC001_AccountRegistrationTest:27 - ***Starting TC001_AccountRegistrationTest....
2024-08-23 15:44:49 INFO  TC001_AccountRegistrationTest:33 - ***Clicking on My Acount link....
2024-08-23 15:44:50 INFO  TC001_AccountRegistrationTest:35 - ***Clicking on Registration link....
2024-08-23 15:44:50 INFO  TC001_AccountRegistrationTest:39 - ***Customer details added....
2024-08-23 15:44:51 INFO  TC001_AccountRegistrationTest:53 - ***Validating expected Messages....
2024-08-23 15:44:51 INFO  TC001_AccountRegistrationTest:64 - ***Finished TC001_AccountRegistrationTest....
2024-08-23 15:45:46 INFO  TC001_AccountRegistrationTest:27 - ***Starting TC001_AccountRegistrationTest....
2024-08-23 15:45:46 INFO  TC001_AccountRegistrationTest:33 - ***Clicking on My Acount link....
2024-08-23 15:45:47 INFO  TC001_AccountRegistrationTest:35 - ***Clicking on Registration link....
2024-08-23 15:45:47 INFO  TC001_AccountRegistrationTest:39 - ***Customer details added....
2024-08-23 15:45:49 INFO  TC001_AccountRegistrationTest:53 - ***Validating expected Messages....
2024-08-23 15:45:49 INFO  TC001_AccountRegistrationTest:64 - ***Finished TC001_AccountRegistrationTest....
2024-08-23 15:45:54 INFO  TC002_LoginTest:16 - -----Starting TC_002_LoginTest
2024-08-23 15:45:56 INFO  TC002_LoginTest:36 - -----Finished TC_002_LoginTest----
2024-08-23 22:33:44 INFO  TC001_AccountRegistrationTest:27 - ***Starting TC001_AccountRegistrationTest....
2024-08-23 22:33:44 INFO  TC001_AccountRegistrationTest:33 - ***Clicking on My Acount link....
2024-08-23 22:33:45 INFO  TC001_AccountRegistrationTest:35 - ***Clicking on Registration link....
2024-08-23 22:33:45 INFO  TC001_AccountRegistrationTest:39 - ***Customer details added....
2024-08-23 22:33:47 INFO  TC001_AccountRegistrationTest:53 - ***Validating expected Messages....
2024-08-23 22:33:47 INFO  TC001_AccountRegistrationTest:64 - ***Finished TC001_AccountRegistrationTest....
2024-08-23 22:34:30 INFO  TC001_AccountRegistrationTest:27 - ***Starting TC001_AccountRegistrationTest....
2024-08-23 22:34:30 INFO  TC001_AccountRegistrationTest:33 - ***Clicking on My Acount link....
2024-08-23 22:34:31 INFO  TC001_AccountRegistrationTest:35 - ***Clicking on Registration link....
2024-08-23 22:34:31 INFO  TC001_AccountRegistrationTest:39 - ***Customer details added....
2024-08-23 22:34:33 INFO  TC001_AccountRegistrationTest:53 - ***Validating expected Messages....
2024-08-23 22:34:33 INFO  TC001_AccountRegistrationTest:64 - ***Finished TC001_AccountRegistrationTest....
2024-08-23 22:34:37 INFO  TC002_LoginTest:16 - -----Starting TC_002_LoginTest
2024-08-23 22:34:39 INFO  TC002_LoginTest:36 - -----Finished TC_002_LoginTest----
2024-08-23 22:36:01 INFO  TC001_AccountRegistrationTest:27 - ***Starting TC001_AccountRegistrationTest....
2024-08-23 22:36:01 INFO  TC001_AccountRegistrationTest:33 - ***Clicking on My Acount link....
2024-08-23 22:36:01 INFO  TC001_AccountRegistrationTest:35 - ***Clicking on Registration link....
2024-08-23 22:36:01 INFO  TC001_AccountRegistrationTest:39 - ***Customer details added....
2024-08-23 22:36:03 INFO  TC001_AccountRegistrationTest:53 - ***Validating expected Messages....
2024-08-23 22:36:03 INFO  TC001_AccountRegistrationTest:64 - ***Finished TC001_AccountRegistrationTest....
2024-08-23 22:36:14 INFO  TC002_LoginTest:16 - -----Starting TC_002_LoginTest
2024-08-23 22:36:17 INFO  TC002_LoginTest:36 - -----Finished TC_002_LoginTest----
2024-08-23 22:55:27 INFO  TC001_AccountRegistrationTest:27 - ***Starting TC001_AccountRegistrationTest....
2024-08-23 22:55:28 INFO  TC001_AccountRegistrationTest:33 - ***Clicking on My Acount link....
2024-08-23 22:55:28 INFO  TC001_AccountRegistrationTest:35 - ***Clicking on Registration link....
2024-08-23 22:55:28 INFO  TC001_AccountRegistrationTest:39 - ***Customer details added....
2024-08-23 22:55:30 INFO  TC001_AccountRegistrationTest:53 - ***Validating expected Messages....
2024-08-23 22:55:30 INFO  TC001_AccountRegistrationTest:64 - ***Finished TC001_AccountRegistrationTest....
2024-08-23 22:55:36 INFO  TC002_LoginTest:16 - -----Starting TC_002_LoginTest
2024-08-23 22:55:39 INFO  TC002_LoginTest:36 - -----Finished TC_002_LoginTest----
